<?xml version="1.0" encoding="UTF-8"?>
<!-- Generated by org.testng.reporters.JUnitXMLReporter -->
<testsuite ignored="0" hostname="DESKTOP-FLPLMHD" failures="0" tests="6" name="Surefire test" time="32.667" errors="0" timestamp="2025-12-25T15:49:57 IST">
  <testcase classname="com.MavenTest.MultipleBrowserTest" name="EdgeTest" time="5.915"/>
  <testcase classname="com.MavenTest.MultipleBrowserTest" name="FirefoxTest" time="10.083"/>
  <testcase classname="com.MavenTest.MultipleBrowserTest" name="ChromeTest" time="4.467"/>
  <testcase classname="com.MavenTest.MultipleBrowserTest" name="ChromeTest1" time="4.001"/>
  <testcase classname="com.MavenTest.MultipleBrowserTest" name="ChromeTest2" time="3.831"/>
  <testcase classname="com.MavenTest.MultipleBrowserTest" name="ChromeTest4" time="4.297"/>
</testsuite> <!-- Surefire test -->
