<?xml version="1.0" encoding="UTF-8"?>
<testng-results ignored="0" total="6" passed="6" failed="0" skipped="0">
  <reporter-output>
  </reporter-output>
  <suite started-at="2025-12-25T15:49:24 IST" name="Surefire suite" finished-at="2025-12-25T15:49:57 IST" duration-ms="32667">
    <groups>
    </groups>
    <test started-at="2025-12-25T15:49:24 IST" name="Surefire test" finished-at="2025-12-25T15:49:57 IST" duration-ms="32667">
      <class name="com.MavenTest.MultipleBrowserTest">
        <test-method signature="EdgeTest()[pri:0, instance:com.MavenTest.MultipleBrowserTest@20a14b55]" started-at="2025-12-25T15:49:24 IST" name="EdgeTest" finished-at="2025-12-25T15:49:30 IST" duration-ms="5915" status="PASS">
          <reporter-output>
          </reporter-output>
        </test-method> <!-- EdgeTest -->
        <test-method signature="FirefoxTest()[pri:1, instance:com.MavenTest.MultipleBrowserTest@20a14b55]" started-at="2025-12-25T15:49:30 IST" name="FirefoxTest" finished-at="2025-12-25T15:49:40 IST" duration-ms="10083" status="PASS">
          <reporter-output>
          </reporter-output>
        </test-method> <!-- FirefoxTest -->
        <test-method signature="ChromeTest()[pri:2, instance:com.MavenTest.MultipleBrowserTest@20a14b55]" started-at="2025-12-25T15:49:40 IST" name="ChromeTest" finished-at="2025-12-25T15:49:45 IST" duration-ms="4467" status="PASS">
          <reporter-output>
          </reporter-output>
        </test-method> <!-- ChromeTest -->
        <test-method signature="ChromeTest1()[pri:3, instance:com.MavenTest.MultipleBrowserTest@20a14b55]" started-at="2025-12-25T15:49:45 IST" name="ChromeTest1" finished-at="2025-12-25T15:49:49 IST" duration-ms="4001" status="PASS">
          <reporter-output>
          </reporter-output>
        </test-method> <!-- ChromeTest1 -->
        <test-method signature="ChromeTest2()[pri:4, instance:com.MavenTest.MultipleBrowserTest@20a14b55]" started-at="2025-12-25T15:49:49 IST" name="ChromeTest2" finished-at="2025-12-25T15:49:53 IST" duration-ms="3831" status="PASS">
          <reporter-output>
          </reporter-output>
        </test-method> <!-- ChromeTest2 -->
        <test-method signature="ChromeTest4()[pri:5, instance:com.MavenTest.MultipleBrowserTest@20a14b55]" started-at="2025-12-25T15:49:53 IST" name="ChromeTest4" finished-at="2025-12-25T15:49:57 IST" duration-ms="4297" status="PASS">
          <reporter-output>
          </reporter-output>
        </test-method> <!-- ChromeTest4 -->
      </class> <!-- com.MavenTest.MultipleBrowserTest -->
    </test> <!-- Surefire test -->
  </suite> <!-- Surefire suite -->
</testng-results>
