<?xml version="1.0" encoding="UTF-8"?>
<testsuite xmlns:xsi="http://www.w3.org/2001/XMLSchema-instance" xsi:noNamespaceSchemaLocation="https://maven.apache.org/surefire/maven-surefire-plugin/xsd/surefire-test-report-3.0.xsd" version="3.0" name="com.MavenTest.MultipleBrowserTest" time="33.926" tests="6" errors="0" skipped="0" failures="0">
  <properties>
[...]
</properties>
  <testcase name="EdgeTest" classname="com.MavenTest.MultipleBrowserTest" time="5.949">
    <system-out><![CDATA[https://testng.org/
Title matched: Test Script Passed
]]></system-out>
  </testcase>
  <testcase name="FirefoxTest" classname="com.MavenTest.MultipleBrowserTest" time="10.083">
    <system-out><![CDATA[https://www.hollandandbarrett.com/
Title matched: Test Script Passed
]]></system-out>
  </testcase>
  <testcase name="ChromeTest" classname="com.MavenTest.MultipleBrowserTest" time="4.467">
    <system-out><![CDATA[Current URL: https://www.selenium.dev/downloads/
URL Length: 35
Title matched: Test Script Passed: Did a Wonderful Job.....!
URL matched: Test Script Passed: Did a Wonderful Job.....! 
]]></system-out>
  </testcase>
  <testcase name="ChromeTest1" classname="com.MavenTest.MultipleBrowserTest" time="4.004">
    <system-out><![CDATA[Current URL: https://www.selenium.dev/downloads/
URL Length: 35
Title not matched: Test Script Failed: Mentor Is Bad 
URL matched: Test Script Passed: Did a Wonderful Job.....! 
]]></system-out>
  </testcase>
  <testcase name="ChromeTest2" classname="com.MavenTest.MultipleBrowserTest" time="3.833">
    <system-out><![CDATA[Current URL: https://www.selenium.dev/downloads/
URL Length: 35
Title not matched: Test Script Failed: Mentor Is Bad 
URL matched: Test Script Passed: Did a Wonderful Job.....! 
]]></system-out>
  </testcase>
  <testcase name="ChromeTest4" classname="com.MavenTest.MultipleBrowserTest" time="4.298">
    <system-out><![CDATA[Current URL: https://www.selenium.dev/downloads/
URL Length: 35
Title not matched: Test Script Failed: Mentor Is Bad 
URL matched: Test Script Passed: Did a Wonderful Job.....! 
]]></system-out>
  </testcase>
</testsuite>