<?xml version="1.0" encoding="UTF-8"?>
<!-- Generated by org.testng.reporters.JUnitReportReporter -->
<testsuite hostname="DESKTOP-FLPLMHD" failures="0" tests="6" name="com.MavenTest.MultipleBrowserTest" time="32.594" errors="0" timestamp="2025-12-25T15:49:57 IST" skipped="0">
  <testcase classname="com.MavenTest.MultipleBrowserTest" name="EdgeTest" time="5.915"/>
  <testcase classname="com.MavenTest.MultipleBrowserTest" name="FirefoxTest" time="10.083"/>
  <testcase classname="com.MavenTest.MultipleBrowserTest" name="ChromeTest" time="4.467"/>
  <testcase classname="com.MavenTest.MultipleBrowserTest" name="ChromeTest1" time="4.001"/>
  <testcase classname="com.MavenTest.MultipleBrowserTest" name="ChromeTest2" time="3.831"/>
  <testcase classname="com.MavenTest.MultipleBrowserTest" name="ChromeTest4" time="4.297"/>
</testsuite> <!-- com.MavenTest.MultipleBrowserTest -->
