<?xml version="1.0" encoding="UTF-8"?>
<!-- Generated by org.testng.reporters.JUnitReportReporter -->
<testsuite hostname="DESKTOP-FLPLMHD" failures="0" tests="7" name="com.MavenTest.MultipleBrowserTest" time="57.681" errors="0" timestamp="2025-12-25T20:38:56 IST" skipped="0">
  <testcase classname="com.MavenTest.MultipleBrowserTest" name="EdgeTest" time="6.621"/>
  <testcase classname="com.MavenTest.MultipleBrowserTest" name="FirefoxTest" time="10.501"/>
  <testcase classname="com.MavenTest.MultipleBrowserTest" name="ChromeTest" time="21.410"/>
  <testcase classname="com.MavenTest.MultipleBrowserTest" name="ChromeTest1" time="5.199"/>
  <testcase classname="com.MavenTest.MultipleBrowserTest" name="ChromeTest2" time="4.123"/>
  <testcase classname="com.MavenTest.MultipleBrowserTest" name="ChromeTest4" time="5.176"/>
  <testcase classname="com.MavenTest.MultipleBrowserTest" name="EdgeTestUpdate" time="4.651"/>
</testsuite> <!-- com.MavenTest.MultipleBrowserTest -->
